<?xml version="1.0" encoding="UTF-8"?>
<!-- Generated by org.testng.reporters.JUnitXMLReporter -->
<testsuite hostname="Rupeshs-MacBook-Pro.local" name="testTwo" tests="4" failures="4" timestamp="3 Feb 2017 18:11:32 GMT" time="101.096" errors="0">
  <testcase name="searchProduct" time="9.472" classname="com.test.flipkart.SearchProduct">
    <failure type="java.lang.RuntimeException" message="Unable to perform click action on element[[FirefoxDriver: firefox on MAC (f00422f0-852b-d244-af7f-9cf7b80edccb)] -&amp;gt; css selector: #nav-search-submit-text]">
      <![CDATA[java.lang.RuntimeException: Unable to perform click action on element[[FirefoxDriver: firefox on MAC (f00422f0-852b-d244-af7f-9cf7b80edccb)] -> css selector: #nav-search-submit-text]
	at com.test.accelarators.ActionEngine.click(ActionEngine.java:110)
	at com.test.libs.AppLogin.searchItem(AppLogin.java:27)
	at com.test.flipkart.SearchProduct.searchProduct(SearchProduct.java:14)
	at java.util.concurrent.FutureTask.run(FutureTask.java:266)
	at java.util.concurrent.ThreadPoolExecutor.runWorker(ThreadPoolExecutor.java:1142)
	at java.util.concurrent.ThreadPoolExecutor$Worker.run(ThreadPoolExecutor.java:617)
	at java.lang.Thread.run(Thread.java:745)
... Removed 16 stack frames]]>
    </failure>
  </testcase> <!-- searchProduct -->
  <testcase name="searchProduct" time="10.2" classname="com.test.flipkart.SearchProduct">
    <failure type="java.lang.RuntimeException" message="Unable to perform click action on element[[FirefoxDriver: firefox on MAC (c0e8cdcc-a1a1-a648-8233-beb14af2e523)] -&amp;gt; css selector: #nav-search-submit-text]">
      <![CDATA[java.lang.RuntimeException: Unable to perform click action on element[[FirefoxDriver: firefox on MAC (c0e8cdcc-a1a1-a648-8233-beb14af2e523)] -> css selector: #nav-search-submit-text]
	at com.test.accelarators.ActionEngine.click(ActionEngine.java:110)
	at com.test.libs.AppLogin.searchItem(AppLogin.java:27)
	at com.test.flipkart.SearchProduct.searchProduct(SearchProduct.java:14)
	at java.util.concurrent.FutureTask.run(FutureTask.java:266)
	at java.util.concurrent.ThreadPoolExecutor.runWorker(ThreadPoolExecutor.java:1142)
	at java.util.concurrent.ThreadPoolExecutor$Worker.run(ThreadPoolExecutor.java:617)
	at java.lang.Thread.run(Thread.java:745)
... Removed 16 stack frames]]>
    </failure>
  </testcase> <!-- searchProduct -->
  <testcase name="searchProduct" time="10.085" classname="com.test.flipkart.SearchProduct">
    <failure type="java.lang.RuntimeException" message="Unable to perform click action on element[[FirefoxDriver: firefox on MAC (2c82d683-ff34-b847-9ddc-221a098a0b68)] -&amp;gt; css selector: #nav-search-submit-text]">
      <![CDATA[java.lang.RuntimeException: Unable to perform click action on element[[FirefoxDriver: firefox on MAC (2c82d683-ff34-b847-9ddc-221a098a0b68)] -> css selector: #nav-search-submit-text]
	at com.test.accelarators.ActionEngine.click(ActionEngine.java:110)
	at com.test.libs.AppLogin.searchItem(AppLogin.java:27)
	at com.test.flipkart.SearchProduct.searchProduct(SearchProduct.java:14)
	at java.util.concurrent.FutureTask.run(FutureTask.java:266)
	at java.util.concurrent.ThreadPoolExecutor.runWorker(ThreadPoolExecutor.java:1142)
	at java.util.concurrent.ThreadPoolExecutor$Worker.run(ThreadPoolExecutor.java:617)
	at java.lang.Thread.run(Thread.java:745)
... Removed 16 stack frames]]>
    </failure>
  </testcase> <!-- searchProduct -->
  <testcase name="searchProduct" time="0.613" classname="com.test.flipkart.SearchProduct">
    <failure type="java.lang.RuntimeException" message="Unable to perform click action on element[[FirefoxDriver: firefox on MAC (ec12dd05-6af4-1942-9564-26b15b819160)] -&amp;gt; xpath: //span[contains(.,&amp;apos;Sign in&amp;apos;)]]">
      <![CDATA[java.lang.RuntimeException: Unable to perform click action on element[[FirefoxDriver: firefox on MAC (ec12dd05-6af4-1942-9564-26b15b819160)] -> xpath: //span[contains(.,'Sign in')]]
	at com.test.accelarators.ActionEngine.click(ActionEngine.java:110)
	at com.test.libs.AppLogin.loginAction(AppLogin.java:16)
	at com.test.flipkart.SearchProduct.searchProduct(SearchProduct.java:13)
	at java.util.concurrent.FutureTask.run(FutureTask.java:266)
	at java.util.concurrent.ThreadPoolExecutor.runWorker(ThreadPoolExecutor.java:1142)
	at java.util.concurrent.ThreadPoolExecutor$Worker.run(ThreadPoolExecutor.java:617)
	at java.lang.Thread.run(Thread.java:745)
... Removed 16 stack frames]]>
    </failure>
  </testcase> <!-- searchProduct -->
</testsuite> <!-- testTwo -->
